This file contains any messages produced by compilers while
running configure, to aid debugging if configure makes a mistake.

It was created by nbcr configure 0.0.1, which was
generated by GNU Autoconf 2.63.  Invocation command line was

  $ ./configure 

## --------- ##
## Platform. ##
## --------- ##

hostname = t2a006178
uname -m = x86_64
uname -r = 2.6.32.12-0.7-default
uname -s = Linux
uname -v = #1 SMP 2010-05-20 11:14:20 +0200

/usr/bin/uname -p = unknown
/bin/uname -X     = unknown

/bin/arch              = x86_64
/usr/bin/arch -k       = unknown
/usr/convex/getsysinfo = unknown
/usr/bin/hostinfo      = unknown
/bin/machine           = unknown
/usr/bin/oslevel       = unknown
/bin/universe          = unknown

PATH: /home/usr2/11D37048/usr/tools/scr-1.1-8/bin
PATH: /home/usr2/11D37048/usr/tools/pdsh-2.18/bin
PATH: /opt/blcr/bin
PATH: /home/usr2/11D37048/bin/
PATH: /usr/apps/isv/gaussian/gaussian09.B01/g09
PATH: /usr/apps/isv/pgi/linux86-64/10.6/bin
PATH: /usr/apps/isv/intel/11.1.072//bin/intel64
PATH: /usr/apps/isv/intel/11.1.072//bin/intel64
PATH: /usr/apps/openmpi/1.4.2/intel/bin
PATH: /opt/pbs/tools/bin
PATH: /opt/cuda/3.2/bin
PATH: /home/usr2/11D37048/bin
PATH: /usr/local/bin
PATH: /usr/bin
PATH: /bin
PATH: /usr/bin/X11
PATH: /usr/X11R6/bin
PATH: /usr/games
PATH: /opt/kde3/bin
PATH: /usr/apps/isv/TotalView/8.8.0-2/toolworks/totalview.8.8.0-2/bin
PATH: /usr/apps/isv/avs/express73/bin/linux_el5
PATH: /usr/apps/isv/avs/express_pce73/utl
PATH: /usr/apps/isv/ensight/ensight_9.1.2_a/CEI/bin
PATH: /usr/apps/isv/Mathematica/8.0/bin
PATH: /usr/apps/isv/maple/14/bin
PATH: /usr/apps/isv/ansys_inc/v130/fluent/bin
PATH: /usr/apps/isv/ansys_inc/v130/Framework/bin/Linux64
PATH: /usr/apps/isv/abaqus/Commands
PATH: /usr/apps/isv/patran/patran2010/bin
PATH: /usr/apps/isv/nastran/mdnastran2010/bin
PATH: /usr/apps/isv/gaussian/gaussian09.B01/g09/bsd
PATH: /usr/apps/isv/gaussian/gaussian09.B01/g09/local
PATH: /usr/apps/isv/gaussian/gaussian09.B01/g09/extras
PATH: /usr/apps/isv/gauss_view/5.0.9
PATH: /usr/apps/isv/amber/amber11/bin
PATH: /usr/apps/isv/molpro/2010.1/bin
PATH: /usr/apps/isv/lsdyna/ls971R5/bin
PATH: /usr/apps/isv/matlab/R2010b/bin
PATH: /usr/apps/free/bin
PATH: /usr/apps/free/env
PATH: /usr/lib/mit/bin
PATH: /usr/lib/mit/sbin
PATH: /usr/lib/qt3/bin


## ----------- ##
## Core tests. ##
## ----------- ##

configure:1828: checking for a BSD-compatible install
configure:1896: result: /usr/bin/install -c
configure:1907: checking whether build environment is sane
configure:1950: result: yes
configure:1975: checking for a thread-safe mkdir -p
configure:2014: result: /bin/mkdir -p
configure:2027: checking for gawk
configure:2043: found /usr/bin/gawk
configure:2054: result: gawk
configure:2065: checking whether make sets $(MAKE)
configure:2087: result: yes
configure:2325: checking for gcc
configure:2341: found /usr/bin/gcc
configure:2352: result: gcc
configure:2584: checking for C compiler version
configure:2592: gcc --version >&5
gcc (SUSE Linux) 4.3.4 [gcc-4_3-branch revision 152973]
Copyright (C) 2008 Free Software Foundation, Inc.
This is free software; see the source for copying conditions.  There is NO
warranty; not even for MERCHANTABILITY or FITNESS FOR A PARTICULAR PURPOSE.

configure:2596: $? = 0
configure:2603: gcc -v >&5
Using built-in specs.
Target: x86_64-suse-linux
Configured with: ../configure --prefix=/usr --infodir=/usr/share/info --mandir=/usr/share/man --libdir=/usr/lib64 --libexecdir=/usr/lib64 --enable-languages=c,c++,objc,fortran,obj-c++,java,ada --enable-checking=release --with-gxx-include-dir=/usr/include/c++/4.3 --enable-ssp --disable-libssp --with-bugurl=http://bugs.opensuse.org/ --with-pkgversion='SUSE Linux' --disable-libgcj --disable-libmudflap --with-slibdir=/lib64 --with-system-zlib --enable-__cxa_atexit --enable-libstdcxx-allocator=new --disable-libstdcxx-pch --enable-version-specific-runtime-libs --program-suffix=-4.3 --enable-linux-futex --without-system-libunwind --with-cpu=generic --build=x86_64-suse-linux
Thread model: posix
gcc version 4.3.4 [gcc-4_3-branch revision 152973] (SUSE Linux) 
configure:2607: $? = 0
configure:2614: gcc -V >&5
gcc: '-V' option must have argument
configure:2618: $? = 1
configure:2641: checking for C compiler default output file name
configure:2663: gcc    conftest.c  >&5
configure:2667: $? = 0
configure:2705: result: a.out
configure:2724: checking whether the C compiler works
configure:2734: ./a.out
configure:2738: $? = 0
configure:2757: result: yes
configure:2764: checking whether we are cross compiling
configure:2766: result: no
configure:2769: checking for suffix of executables
configure:2776: gcc -o conftest    conftest.c  >&5
configure:2780: $? = 0
configure:2806: result: 
configure:2812: checking for suffix of object files
configure:2838: gcc -c   conftest.c >&5
configure:2842: $? = 0
configure:2867: result: o
configure:2871: checking whether we are using the GNU C compiler
configure:2900: gcc -c   conftest.c >&5
configure:2907: $? = 0
configure:2924: result: yes
configure:2933: checking whether gcc accepts -g
configure:2963: gcc -c -g  conftest.c >&5
configure:2970: $? = 0
configure:3071: result: yes
configure:3088: checking for gcc option to accept ISO C89
configure:3162: gcc  -c -g -O2  conftest.c >&5
configure:3169: $? = 0
configure:3192: result: none needed
configure:3221: checking for style of include used by make
configure:3249: result: GNU
configure:3274: checking dependency style of gcc
configure:3365: result: gcc3
configure:3507: creating ./config.status

## ---------------------- ##
## Running config.status. ##
## ---------------------- ##

This file was extended by nbcr config.status 0.0.1, which was
generated by GNU Autoconf 2.63.  Invocation command line was

  CONFIG_FILES    = 
  CONFIG_HEADERS  = 
  CONFIG_LINKS    = 
  CONFIG_COMMANDS = 
  $ ./config.status 

on t2a006178

config.status:758: creating Makefile
config.status:758: creating examples/Makefile
config.status:758: creating src/Makefile
config.status:758: creating config.h
config.status:980: config.h is unchanged
config.status:1032: executing depfiles commands

## ---------------- ##
## Cache variables. ##
## ---------------- ##

ac_cv_c_compiler_gnu=yes
ac_cv_env_CC_set=
ac_cv_env_CC_value=
ac_cv_env_CFLAGS_set=
ac_cv_env_CFLAGS_value=
ac_cv_env_CPPFLAGS_set=
ac_cv_env_CPPFLAGS_value=
ac_cv_env_LDFLAGS_set=
ac_cv_env_LDFLAGS_value=
ac_cv_env_LIBS_set=
ac_cv_env_LIBS_value=
ac_cv_env_build_alias_set=
ac_cv_env_build_alias_value=
ac_cv_env_host_alias_set=
ac_cv_env_host_alias_value=
ac_cv_env_target_alias_set=
ac_cv_env_target_alias_value=
ac_cv_objext=o
ac_cv_path_install='/usr/bin/install -c'
ac_cv_path_mkdir=/bin/mkdir
ac_cv_prog_AWK=gawk
ac_cv_prog_ac_ct_CC=gcc
ac_cv_prog_cc_c89=
ac_cv_prog_cc_g=yes
ac_cv_prog_make_make_set=yes
am_cv_CC_dependencies_compiler_type=gcc3

## ----------------- ##
## Output variables. ##
## ----------------- ##

ACLOCAL='${SHELL} /home/usr2/11D37048/lib/libnbcr/missing --run aclocal-1.10'
AMDEPBACKSLASH='\'
AMDEP_FALSE='#'
AMDEP_TRUE=''
AMTAR='${SHELL} /home/usr2/11D37048/lib/libnbcr/missing --run tar'
AUTOCONF='${SHELL} /home/usr2/11D37048/lib/libnbcr/missing --run autoconf'
AUTOHEADER='${SHELL} /home/usr2/11D37048/lib/libnbcr/missing --run autoheader'
AUTOMAKE='${SHELL} /home/usr2/11D37048/lib/libnbcr/missing --run automake-1.10'
AWK='gawk'
CC='gcc'
CCDEPMODE='depmode=gcc3'
CFLAGS='-g -O2'
CPPFLAGS=''
CYGPATH_W='echo'
DEFS='-DHAVE_CONFIG_H'
DEPDIR='.deps'
ECHO_C=''
ECHO_N='-n'
ECHO_T=''
EXEEXT=''
INSTALL_DATA='${INSTALL} -m 644'
INSTALL_PROGRAM='${INSTALL}'
INSTALL_SCRIPT='${INSTALL}'
INSTALL_STRIP_PROGRAM='$(install_sh) -c -s'
LDFLAGS=''
LIBOBJS=''
LIBS=''
LTLIBOBJS=''
MAKEINFO='${SHELL} /home/usr2/11D37048/lib/libnbcr/missing --run makeinfo'
MKDIR_P='/bin/mkdir -p'
OBJEXT='o'
PACKAGE='nbcr'
PACKAGE_BUGREPORT='kent@matsulab.is.titech.ac.jp'
PACKAGE_NAME='nbcr'
PACKAGE_STRING='nbcr 0.0.1'
PACKAGE_TARNAME='nbcr'
PACKAGE_VERSION='0.0.1'
PATH_SEPARATOR=':'
SET_MAKE=''
SHELL='/bin/sh'
STRIP=''
VERSION='0.0.1'
ac_ct_CC='gcc'
am__fastdepCC_FALSE='#'
am__fastdepCC_TRUE=''
am__include='include'
am__isrc=''
am__leading_dot='.'
am__quote=''
am__tar='${AMTAR} chof - "$$tardir"'
am__untar='${AMTAR} xf -'
bindir='${exec_prefix}/bin'
build_alias=''
datadir='${datarootdir}'
datarootdir='${prefix}/share'
docdir='${datarootdir}/doc/${PACKAGE_TARNAME}'
dvidir='${docdir}'
exec_prefix='${prefix}'
host_alias=''
htmldir='${docdir}'
includedir='${prefix}/include'
infodir='${datarootdir}/info'
install_sh='$(SHELL) /home/usr2/11D37048/lib/libnbcr/install-sh'
libdir='${exec_prefix}/lib'
libexecdir='${exec_prefix}/libexec'
localedir='${datarootdir}/locale'
localstatedir='${prefix}/var'
mandir='${datarootdir}/man'
mkdir_p='/bin/mkdir -p'
oldincludedir='/usr/include'
pdfdir='${docdir}'
prefix='/usr/local'
program_transform_name='s,x,x,'
psdir='${docdir}'
sbindir='${exec_prefix}/sbin'
sharedstatedir='${prefix}/com'
sysconfdir='${prefix}/etc'
target_alias=''

## ----------- ##
## confdefs.h. ##
## ----------- ##

#define PACKAGE_NAME "nbcr"
#define PACKAGE_TARNAME "nbcr"
#define PACKAGE_VERSION "0.0.1"
#define PACKAGE_STRING "nbcr 0.0.1"
#define PACKAGE_BUGREPORT "kent@matsulab.is.titech.ac.jp"
#define PACKAGE "nbcr"
#define VERSION "0.0.1"

configure: exit 0

## ---------------------- ##
## Running config.status. ##
## ---------------------- ##

This file was extended by nbcr config.status 0.0.1, which was
generated by GNU Autoconf 2.63.  Invocation command line was

  CONFIG_FILES    = 
  CONFIG_HEADERS  = 
  CONFIG_LINKS    = 
  CONFIG_COMMANDS = 
  $ ./config.status examples/Makefile depfiles

on t2a006178

config.status:758: creating examples/Makefile
config.status:1032: executing depfiles commands

## ---------------------- ##
## Running config.status. ##
## ---------------------- ##

This file was extended by nbcr config.status 0.0.1, which was
generated by GNU Autoconf 2.63.  Invocation command line was

  CONFIG_FILES    = 
  CONFIG_HEADERS  = 
  CONFIG_LINKS    = 
  CONFIG_COMMANDS = 
  $ ./config.status examples/Makefile depfiles

on t2a006178

config.status:758: creating examples/Makefile
config.status:1032: executing depfiles commands

## ---------------------- ##
## Running config.status. ##
## ---------------------- ##

This file was extended by nbcr config.status 0.0.1, which was
generated by GNU Autoconf 2.63.  Invocation command line was

  CONFIG_FILES    = 
  CONFIG_HEADERS  = 
  CONFIG_LINKS    = 
  CONFIG_COMMANDS = 
  $ ./config.status examples/Makefile depfiles

on t2a006178

config.status:758: creating examples/Makefile
config.status:1032: executing depfiles commands

## ---------------------- ##
## Running config.status. ##
## ---------------------- ##

This file was extended by nbcr config.status 0.0.1, which was
generated by GNU Autoconf 2.63.  Invocation command line was

  CONFIG_FILES    = 
  CONFIG_HEADERS  = 
  CONFIG_LINKS    = 
  CONFIG_COMMANDS = 
  $ ./config.status examples/Makefile depfiles

on t2a006178

config.status:758: creating examples/Makefile
config.status:1032: executing depfiles commands

## ---------------------- ##
## Running config.status. ##
## ---------------------- ##

This file was extended by nbcr config.status 0.0.1, which was
generated by GNU Autoconf 2.63.  Invocation command line was

  CONFIG_FILES    = 
  CONFIG_HEADERS  = 
  CONFIG_LINKS    = 
  CONFIG_COMMANDS = 
  $ ./config.status examples/Makefile depfiles

on t2a006178

config.status:758: creating examples/Makefile
config.status:1032: executing depfiles commands

## ---------------------- ##
## Running config.status. ##
## ---------------------- ##

This file was extended by nbcr config.status 0.0.1, which was
generated by GNU Autoconf 2.63.  Invocation command line was

  CONFIG_FILES    = 
  CONFIG_HEADERS  = 
  CONFIG_LINKS    = 
  CONFIG_COMMANDS = 
  $ ./config.status examples/Makefile depfiles

on t2a006178

config.status:758: creating examples/Makefile
config.status:1032: executing depfiles commands

## ---------------------- ##
## Running config.status. ##
## ---------------------- ##

This file was extended by nbcr config.status 0.0.1, which was
generated by GNU Autoconf 2.63.  Invocation command line was

  CONFIG_FILES    = 
  CONFIG_HEADERS  = 
  CONFIG_LINKS    = 
  CONFIG_COMMANDS = 
  $ ./config.status examples/Makefile depfiles

on t2a006178

config.status:758: creating examples/Makefile
config.status:1032: executing depfiles commands

## ---------------------- ##
## Running config.status. ##
## ---------------------- ##

This file was extended by nbcr config.status 0.0.1, which was
generated by GNU Autoconf 2.63.  Invocation command line was

  CONFIG_FILES    = 
  CONFIG_HEADERS  = 
  CONFIG_LINKS    = 
  CONFIG_COMMANDS = 
  $ ./config.status examples/Makefile depfiles

on t2a006178

config.status:758: creating examples/Makefile
config.status:1032: executing depfiles commands

## ---------------------- ##
## Running config.status. ##
## ---------------------- ##

This file was extended by nbcr config.status 0.0.1, which was
generated by GNU Autoconf 2.63.  Invocation command line was

  CONFIG_FILES    = 
  CONFIG_HEADERS  = 
  CONFIG_LINKS    = 
  CONFIG_COMMANDS = 
  $ ./config.status examples/Makefile depfiles

on t2a006178

config.status:758: creating examples/Makefile
config.status:1032: executing depfiles commands

## ---------------------- ##
## Running config.status. ##
## ---------------------- ##

This file was extended by nbcr config.status 0.0.1, which was
generated by GNU Autoconf 2.63.  Invocation command line was

  CONFIG_FILES    = 
  CONFIG_HEADERS  = 
  CONFIG_LINKS    = 
  CONFIG_COMMANDS = 
  $ ./config.status examples/Makefile depfiles

on t2a006178

config.status:758: creating examples/Makefile
config.status:1032: executing depfiles commands

## ---------------------- ##
## Running config.status. ##
## ---------------------- ##

This file was extended by nbcr config.status 0.0.1, which was
generated by GNU Autoconf 2.63.  Invocation command line was

  CONFIG_FILES    = 
  CONFIG_HEADERS  = 
  CONFIG_LINKS    = 
  CONFIG_COMMANDS = 
  $ ./config.status examples/Makefile depfiles

on t2a006178

config.status:758: creating examples/Makefile
config.status:1032: executing depfiles commands

## ---------------------- ##
## Running config.status. ##
## ---------------------- ##

This file was extended by nbcr config.status 0.0.1, which was
generated by GNU Autoconf 2.63.  Invocation command line was

  CONFIG_FILES    = 
  CONFIG_HEADERS  = 
  CONFIG_LINKS    = 
  CONFIG_COMMANDS = 
  $ ./config.status examples/Makefile depfiles

on t2a006178

config.status:758: creating examples/Makefile
config.status:1032: executing depfiles commands

## ---------------------- ##
## Running config.status. ##
## ---------------------- ##

This file was extended by nbcr config.status 0.0.1, which was
generated by GNU Autoconf 2.63.  Invocation command line was

  CONFIG_FILES    = 
  CONFIG_HEADERS  = 
  CONFIG_LINKS    = 
  CONFIG_COMMANDS = 
  $ ./config.status examples/Makefile depfiles

on t2a006178

config.status:758: creating examples/Makefile
config.status:1032: executing depfiles commands

## ---------------------- ##
## Running config.status. ##
## ---------------------- ##

This file was extended by nbcr config.status 0.0.1, which was
generated by GNU Autoconf 2.63.  Invocation command line was

  CONFIG_FILES    = 
  CONFIG_HEADERS  = 
  CONFIG_LINKS    = 
  CONFIG_COMMANDS = 
  $ ./config.status examples/Makefile depfiles

on t2a006178

config.status:758: creating examples/Makefile
config.status:1032: executing depfiles commands

## ---------------------- ##
## Running config.status. ##
## ---------------------- ##

This file was extended by nbcr config.status 0.0.1, which was
generated by GNU Autoconf 2.63.  Invocation command line was

  CONFIG_FILES    = 
  CONFIG_HEADERS  = 
  CONFIG_LINKS    = 
  CONFIG_COMMANDS = 
  $ ./config.status examples/Makefile depfiles

on t2a006178

config.status:758: creating examples/Makefile
config.status:1032: executing depfiles commands

## ---------------------- ##
## Running config.status. ##
## ---------------------- ##

This file was extended by nbcr config.status 0.0.1, which was
generated by GNU Autoconf 2.63.  Invocation command line was

  CONFIG_FILES    = 
  CONFIG_HEADERS  = 
  CONFIG_LINKS    = 
  CONFIG_COMMANDS = 
  $ ./config.status examples/Makefile depfiles

on t2a006178

config.status:758: creating examples/Makefile
config.status:1032: executing depfiles commands

## ---------------------- ##
## Running config.status. ##
## ---------------------- ##

This file was extended by nbcr config.status 0.0.1, which was
generated by GNU Autoconf 2.63.  Invocation command line was

  CONFIG_FILES    = 
  CONFIG_HEADERS  = 
  CONFIG_LINKS    = 
  CONFIG_COMMANDS = 
  $ ./config.status examples/Makefile depfiles

on t2a006178

config.status:758: creating examples/Makefile
config.status:1032: executing depfiles commands

## ---------------------- ##
## Running config.status. ##
## ---------------------- ##

This file was extended by nbcr config.status 0.0.1, which was
generated by GNU Autoconf 2.63.  Invocation command line was

  CONFIG_FILES    = 
  CONFIG_HEADERS  = 
  CONFIG_LINKS    = 
  CONFIG_COMMANDS = 
  $ ./config.status examples/Makefile depfiles

on t2a006178

config.status:758: creating examples/Makefile
config.status:1032: executing depfiles commands

## ---------------------- ##
## Running config.status. ##
## ---------------------- ##

This file was extended by nbcr config.status 0.0.1, which was
generated by GNU Autoconf 2.63.  Invocation command line was

  CONFIG_FILES    = 
  CONFIG_HEADERS  = 
  CONFIG_LINKS    = 
  CONFIG_COMMANDS = 
  $ ./config.status examples/Makefile depfiles

on t2a006178

config.status:758: creating examples/Makefile
config.status:1032: executing depfiles commands

## ---------------------- ##
## Running config.status. ##
## ---------------------- ##

This file was extended by nbcr config.status 0.0.1, which was
generated by GNU Autoconf 2.63.  Invocation command line was

  CONFIG_FILES    = 
  CONFIG_HEADERS  = 
  CONFIG_LINKS    = 
  CONFIG_COMMANDS = 
  $ ./config.status examples/Makefile depfiles

on t2a006178

config.status:758: creating examples/Makefile
config.status:1032: executing depfiles commands

## ---------------------- ##
## Running config.status. ##
## ---------------------- ##

This file was extended by nbcr config.status 0.0.1, which was
generated by GNU Autoconf 2.63.  Invocation command line was

  CONFIG_FILES    = 
  CONFIG_HEADERS  = 
  CONFIG_LINKS    = 
  CONFIG_COMMANDS = 
  $ ./config.status examples/Makefile depfiles

on t2a006178

config.status:758: creating examples/Makefile
config.status:1032: executing depfiles commands

## ---------------------- ##
## Running config.status. ##
## ---------------------- ##

This file was extended by nbcr config.status 0.0.1, which was
generated by GNU Autoconf 2.63.  Invocation command line was

  CONFIG_FILES    = 
  CONFIG_HEADERS  = 
  CONFIG_LINKS    = 
  CONFIG_COMMANDS = 
  $ ./config.status examples/Makefile depfiles

on t2a006177

config.status:758: creating examples/Makefile
config.status:1032: executing depfiles commands

## ---------------------- ##
## Running config.status. ##
## ---------------------- ##

This file was extended by nbcr config.status 0.0.1, which was
generated by GNU Autoconf 2.63.  Invocation command line was

  CONFIG_FILES    = 
  CONFIG_HEADERS  = 
  CONFIG_LINKS    = 
  CONFIG_COMMANDS = 
  $ ./config.status examples/Makefile depfiles

on t2b010115

config.status:758: creating examples/Makefile
config.status:1032: executing depfiles commands

## ---------------------- ##
## Running config.status. ##
## ---------------------- ##

This file was extended by nbcr config.status 0.0.1, which was
generated by GNU Autoconf 2.63.  Invocation command line was

  CONFIG_FILES    = 
  CONFIG_HEADERS  = 
  CONFIG_LINKS    = 
  CONFIG_COMMANDS = 
  $ ./config.status examples/Makefile depfiles

on t2b010115

config.status:758: creating examples/Makefile
config.status:1032: executing depfiles commands
